52c0be10943a50.18482983 2013-12-30T01:28:00+01:00 0 ERROR E_DEPRECATED www.vseproploty.cz /pro-branku/sloupek-k-brane-a-brance-70x70x2150-mm-cerna/ 16315 2 Unknown 0 Directive 'register_long_arrays' is deprecated in PHP 5.3 and greater
52c0be10977b29.72817764 2013-12-30T01:28:00+01:00 0 ERROR E_DEPRECATED www.salondoma.cz /nehty/peggy-sage-urychlovac-schnut-i-laku--11ml/ 13759 2 Unknown 0 Directive 'register_long_arrays' is deprecated in PHP 5.3 and greater
52c0be109bcdd8.36144278 2013-12-30T01:28:00+01:00 0 ERROR E_DEPRECATED eshop.sympasport.cz /rybarske/ 25859 2 Unknown 0 Directive 'register_long_arrays' is deprecated in PHP 5.3 and greater
52c0be11011439.08147973 2013-12-30T01:28:01+01:00 0 ERROR E_DEPRECATED www.jspshop.cz /rada-th-300/ 24340 2 Unknown 0 Directive 'register_long_arrays' is deprecated in PHP 5.3 and greater
52c0be124686b2.51964001 2013-12-30T01:28:02+01:00 0 ERROR E_DEPRECATED 31561.myshoptet.com /admin/action/Notifications/getLastNotifications/?lastSeenNotification=2 31561 2 Unknown 0 Directive 'register_long_arrays' is deprecated in PHP 5.3 and greater
52c0be12757a60.80845205 2013-12-30T01:28:02+01:00 0 ERROR E_NOTICE www.ho-modely.cz /tatra/tatra-t-163-320sk4-6x6-modra-187/ 28419 2 /var/tmp/cms/templates_c/fd7e44b2a3ed6588fef16ecadf4f0f5fff586011.file.productDetail.tpl.php 344 Undefined index: name
52c0be12837529.19780456 2013-12-30T01:28:02+01:00 0 ERROR E_DEPRECATED www.ho-modely.cz /tatra/tatra-t-163-320sk4-6x6-modra-187/ 28419 2 Unknown 0 Directive 'register_long_arrays' is deprecated in PHP 5.3 and greater
52c0be13444207.94564488 2013-12-30T01:28:03+01:00 0 ERROR E_DEPRECATED www.skicentrum.com /action/ProductDetail/GetVariantDetail/ 12534 2 Unknown 0 Directive 'register_long_arrays' is deprecated in PHP 5.3 and greater
52c0be1351ea14.62447084 2013-12-30T01:28:03+01:00 0 ERROR E_DEPRECATED obchod.slunecnice.cz /sprava-cd-a-dvd/magic-dvd-copier-exe:dotaz/ 13758 2 Unknown 0 Directive 'register_long_arrays' is deprecated in PHP 5.3 and greater
52c0be13534782.91807170 2013-12-30T01:28:03+01:00 0 ERROR E_DEPRECATED 31584.myshoptet.com /admin/action/Notifications/getLastNotifications/?lastSeenNotification=6 31584 2 Unknown 0 Directive 'register_long_arrays' is deprecated in PHP 5.3 and greater
52c0be1467b042.02584728 2013-12-30T01:28:04+01:00 0 ERROR E_DEPRECATED 31598.myshoptet.com /admin/action/Notifications/getLastNotifications/?lastSeenNotification=2 31598 2 Unknown 0 Directive 'register_long_arrays' is deprecated in PHP 5.3 and greater
52c0be14758ba1.76405695 2013-12-30T01:28:04+01:00 0 ERROR E_USER_NOTICE www.sleepcentrum.cz /admin/session-refresh/ 11832 2 /var/www/web2/quax.cz/cms2.quax.cz/cms/packages/Miscellaneous/Helper/Priority.php 306 PriorityReparator: Clean up required for table: section_map
52c0be147ce263.13479644 2013-12-30T01:28:04+01:00 0 ERROR E_DEPRECATED www.chiptel.cz /one-v/tmave-ruzove-gelove-pouzdro-s-jemnymi-glitry-pro-htc-one-v/ 13482 2 Unknown 0 Directive 'register_long_arrays' is deprecated in PHP 5.3 and greater
52c0be14aacb45.60525435 2013-12-30T01:28:04+01:00 0 ERROR E_DEPRECATED www.epretty.cz /?gclid=CI7EuJvY1rsCFbMbtAodBnIAJg 16048 2 Unknown 0 Directive 'register_long_arrays' is deprecated in PHP 5.3 and greater
52c0be14be5c62.16344005 2013-12-30T01:28:04+01:00 0 ERROR E_DEPRECATED www.epretty.cz /dlouhe-spolecenske-saty/strana-5/ 16048 2 Unknown 0 Directive 'register_long_arrays' is deprecated in PHP 5.3 and greater
52c0be15d63870.75190667 2013-12-30T01:28:05+01:00 0 ERROR E_DEPRECATED www.epretty.cz /admin/session-refresh/ 16048 2 Unknown 0 Directive 'register_long_arrays' is deprecated in PHP 5.3 and greater
52c0be15d671c0.87378974 2013-12-30T01:28:05+01:00 0 ERROR E_DEPRECATED www.hodinky-sport.cz /robots.txt 11724 2 Unknown 0 Directive 'register_long_arrays' is deprecated in PHP 5.3 and greater
52c0be15e66b58.73276972 2013-12-30T01:28:05+01:00 0 ERROR E_DEPRECATED www.bestmoda.cz /damske-obleceni/strana-6/ 24131 2 Unknown 0 Directive 'register_long_arrays' is deprecated in PHP 5.3 and greater
52c0be15ed8f38.96125231 2013-12-30T01:28:05+01:00 0 ERROR E_DEPRECATED www.rc-levneji.cz /admin/session-refresh/ 12366 2 Unknown 0 Directive 'register_long_arrays' is deprecated in PHP 5.3 and greater
52c0be16096f91.60262807 2013-12-30T01:28:06+01:00 0 ERROR E_DEPRECATED eshop.aglia.cz /admin/session-refresh/ 15735 2 Unknown 0 Directive 'register_long_arrays' is deprecated in PHP 5.3 and greater
52c0be1638f701.05469035 2013-12-30T01:28:06+01:00 0 ERROR E_DEPRECATED www.myspulinek.cz /kuchynky/smoby-kuchynka-tefal-french-touch-excellence/ 19419 2 Unknown 0 Directive 'register_long_arrays' is deprecated in PHP 5.3 and greater
52c0be16399c06.00604327 2013-12-30T01:28:06+01:00 0 ERROR E_DEPRECATED www.epretty.cz /dlouhe-spolecenske-saty/strana-5/ 16048 2 Unknown 0 Directive 'register_long_arrays' is deprecated in PHP 5.3 and greater
52c0be16431760.03927182 2013-12-30T01:28:06+01:00 0 ERROR E_NOTICE www.timeup.cz /damske-hodinky:bering/?reminekBarva=FFFFFF&cenaOd=2500&cenaDo=5000&cifernik=binarni 27057 2 /var/tmp/cms/templates_c/701f78b95ad1aec30ee2c061ac1930e8255070c8.file.categories.tpl.php 191 Undefined index: actPriceMin
52c0be16432d01.23119925 2013-12-30T01:28:06+01:00 0 ERROR E_NOTICE www.timeup.cz /damske-hodinky:bering/?reminekBarva=FFFFFF&cenaOd=2500&cenaDo=5000&cifernik=binarni 27057 2 /var/tmp/cms/templates_c/701f78b95ad1aec30ee2c061ac1930e8255070c8.file.categories.tpl.php 191 Trying to get property of non-object
52c0be165f5846.38249692 2013-12-30T01:28:06+01:00 0 ERROR E_DEPRECATED www.sperkysw.eu /naramky/naramek-modry-2/ 12431 2 Unknown 0 Directive 'register_long_arrays' is deprecated in PHP 5.3 and greater
52c0be16604f88.32667231 2013-12-30T01:28:06+01:00 0 ERROR E_DEPRECATED www.rc-levneji.cz /hobbyking/ 12366 2 Unknown 0 Directive 'register_long_arrays' is deprecated in PHP 5.3 and greater
52c0be16695209.75913043 2013-12-30T01:28:06+01:00 0 ERROR E_DEPRECATED www.anavy.cz /cepicky/cepicka-z-bavlny--sloni-na-modre/ 16459 2 Unknown 0 Directive 'register_long_arrays' is deprecated in PHP 5.3 and greater
52c0be168f5f66.90824033 2013-12-30T01:28:06+01:00 0 ERROR E_DEPRECATED www.ipouzdro.cz /iphone-5/pouzdro-kryt-pro-apple-iphone-5-5s-modry/ 16049 2 Unknown 0 Directive 'register_long_arrays' is deprecated in PHP 5.3 and greater
52c0be169bf150.01477691 2013-12-30T01:28:06+01:00 0 ERROR E_NOTICE www.timeup.cz /damske-hodinky:bering/?reminekBarva=FFFFFF&cenaOd=2500&cenaDo=5000&cifernik=binarni 27057 2 /var/tmp/cms/templates_c/ba0acc195a281f1916dd59a9c239874cd40589dd.file.categorySorting.tpl.php 37 Undefined index: order
52c0be169c0926.28211656 2013-12-30T01:28:06+01:00 0 ERROR E_NOTICE www.timeup.cz /damske-hodinky:bering/?reminekBarva=FFFFFF&cenaOd=2500&cenaDo=5000&cifernik=binarni 27057 2 /var/tmp/cms/templates_c/ba0acc195a281f1916dd59a9c239874cd40589dd.file.categorySorting.tpl.php 42 Undefined index: order
52c0be16bd62e2.47771738 2013-12-30T01:28:06+01:00 0 ERROR E_DEPRECATED www.rc-levneji.cz /hobbyking-2/ 12366 2 Unknown 0 Directive 'register_long_arrays' is deprecated in PHP 5.3 and greater
52c0be16c399c9.97718528 2013-12-30T01:28:06+01:00 0 ERROR E_DEPRECATED www.londise.cz /znacka/unknown/ 15757 2 Unknown 0 Directive 'register_long_arrays' is deprecated in PHP 5.3 and greater
52c0be16d7b9e0.16515530 2013-12-30T01:28:06+01:00 0 ERROR E_DEPRECATED www.agilesport.sk /panska-obuv/adidas-zx750-black/?variantId=13609 13441 2 Unknown 0 Directive 'register_long_arrays' is deprecated in PHP 5.3 and greater
52c0be172b5d04.94436927 2013-12-30T01:28:07+01:00 0 ERROR E_DEPRECATED www.noel-boutique.cz /robots.txt 19974 2 Unknown 0 Directive 'register_long_arrays' is deprecated in PHP 5.3 and greater
52c0be17376074.84167671 2013-12-30T01:28:07+01:00 0 ERROR E_DEPRECATED www.veselazena.cz /action/HeurekaWidget/GenerateWidget/ 17052 2 Unknown 0 Directive 'register_long_arrays' is deprecated in PHP 5.3 and greater
52c0be173a9887.28732870 2013-12-30T01:28:07+01:00 0 ERROR E_DEPRECATED 31561.myshoptet.com /admin/action/Notifications/getLastNotifications/?lastSeenNotification=2 31561 2 Unknown 0 Directive 'register_long_arrays' is deprecated in PHP 5.3 and greater
52c0be174159e3.48368059 2013-12-30T01:28:07+01:00 0 ERROR E_DEPRECATED 28053.myshoptet.com /admin/session-refresh/ 28053 2 Unknown 0 Directive 'register_long_arrays' is deprecated in PHP 5.3 and greater
52c0be174c8f07.53043782 2013-12-30T01:28:07+01:00 0 ERROR E_DEPRECATED www.armyas.cz /robots.txt 12222 2 Unknown 0 Directive 'register_long_arrays' is deprecated in PHP 5.3 and greater
52c0be176267e8.06809846 2013-12-30T01:28:07+01:00 0 ERROR E_DEPRECATED obchod.slunecnice.cz /sprava-cd-a-dvd/magic-dvd-copier-exe:dotaz/ 13758 2 Unknown 0 Directive 'register_long_arrays' is deprecated in PHP 5.3 and greater
52c0be17657944.47508072 2013-12-30T01:28:07+01:00 0 ERROR E_DEPRECATED 31564.myshoptet.com /admin/login/ 31564 2 Unknown 0 Directive 'register_long_arrays' is deprecated in PHP 5.3 and greater
52c0be1768eff4.20348715 2013-12-30T01:28:07+01:00 0 ERROR E_DEPRECATED www.bigboardshop.cz /panska-tricka/strana-3/?variantId=15 27781 2 Unknown 0 Directive 'register_long_arrays' is deprecated in PHP 5.3 and greater
52c0be1773ffe3.05829272 2013-12-30T01:28:07+01:00 0 ERROR E_DEPRECATED www.drogerie-slevy.cz /darky-pro-muze/old-spice-white-water--darkova-kazeta-deo-spray-150-ml-sprchovy-gel-250-ml/ 27354 2 Unknown 0 Directive 'register_long_arrays' is deprecated in PHP 5.3 and greater
52c0be177fc251.47057408 2013-12-30T01:28:07+01:00 0 ERROR E_DEPRECATED www.hodinky-sport.cz /admin/session-refresh/ 11724 2 Unknown 0 Directive 'register_long_arrays' is deprecated in PHP 5.3 and greater
52c0be179ec8c9.19248233 2013-12-30T01:28:07+01:00 0 ERROR E_DEPRECATED www.ipouzdro.cz /iphone-5/pouzdro-kryt-pro-apple-iphone-5-5s-modry/ 16049 2 Unknown 0 Directive 'register_long_arrays' is deprecated in PHP 5.3 and greater
52c0be179f91d2.41883484 2013-12-30T01:28:07+01:00 0 ERROR E_DEPRECATED www.bagisimo.cz /kabelky-2/damska-kabelka-rose-knight-black/ 21790 2 Unknown 0 Directive 'register_long_arrays' is deprecated in PHP 5.3 and greater
52c0be17a3ad17.39767593 2013-12-30T01:28:07+01:00 0 ERROR E_DEPRECATED www.prislusenstvi-hyundai.cz /parkovaci-cidla/parkovaci-cidla-i30-a-i30-new/ 12357 2 Unknown 0 Directive 'register_long_arrays' is deprecated in PHP 5.3 and greater
52c0be17b19808.93274845 2013-12-30T01:28:07+01:00 0 ERROR E_DEPRECATED www.epretty.cz /dlouhe-spolecenske-saty/strana-5/ 16048 2 Unknown 0 Directive 'register_long_arrays' is deprecated in PHP 5.3 and greater
52c0be17cc3ab9.88957223 2013-12-30T01:28:07+01:00 0 ERROR E_DEPRECATED www.rc-levneji.cz /turnigy-3/ 12366 2 Unknown 0 Directive 'register_long_arrays' is deprecated in PHP 5.3 and greater
52c0be17d27242.73427274 2013-12-30T01:28:07+01:00 0 ERROR E_DEPRECATED www.rc-levneji.cz /turnigy-3/ 12366 2 Unknown 0 Directive 'register_long_arrays' is deprecated in PHP 5.3 and greater
52c0be17e68bd7.21721950 2013-12-30T01:28:07+01:00 0 ERROR E_DEPRECATED www.rajkrmiv.sk /starostlivost-o-usi:beaphar/ 22005 2 Unknown 0 Directive 'register_long_arrays' is deprecated in PHP 5.3 and greater
52c0be1a0fbf95.48096072 2013-12-30T01:28:10+01:00 0 ERROR E_DEPRECATED 31598.myshoptet.com /admin/action/Notifications/getLastNotifications/?lastSeenNotification=2 31598 2 Unknown 0 Directive 'register_long_arrays' is deprecated in PHP 5.3 and greater
52c0be1a2c2299.64406307 2013-12-30T01:28:10+01:00 0 ERROR E_DEPRECATED www.rajkrmiv.sk /maskrty-pre-psov/maskrta-snack-plnene-kocky-rapadog-1kg/ 22005 2 Unknown 0 Directive 'register_long_arrays' is deprecated in PHP 5.3 and greater
52c0be1a448a39.12316682 2013-12-30T01:28:10+01:00 0 ERROR E_DEPRECATED www.dekorland.cz /plastova-okna/vchodove-dvere-100x180-kbe-ajto--vedlejsi-typ-1/?variantId=23332 16328 2 Unknown 0 Directive 'register_long_arrays' is deprecated in PHP 5.3 and greater
52c0be1aa10112.08996997 2013-12-30T01:28:10+01:00 0 ERROR E_DEPRECATED www.swisstoner.cz /cartridge-naplne/ 9990 2 Unknown 0 Directive 'register_long_arrays' is deprecated in PHP 5.3 and greater
52c0be1aea07f1.64726551 2013-12-30T01:28:10+01:00 0 ERROR E_DEPRECATED www.z-fashion.cz /tricka/ 17454 2 Unknown 0 Directive 'register_long_arrays' is deprecated in PHP 5.3 and greater
52c0be63799b59.62238916 2013-12-30T01:29:23+01:00 0 ERROR E_NOTICE www.kru.cz /skateboardove-desky-ambassadors/skateboard-ambassadors-trooper-red/ 14712 2 /var/tmp/cms/templates_c/c8a7f5a0d23cff60b5f44bf6ee074dc1b96d4ae1.file.productDetail.tpl.php 577 Undefined index: HTTP_REFERER
52c0be8f806058.24485196 2013-12-30T01:30:07+01:00 0 ERROR E_WARNING www.bestmoda.cz /damske-obleceni/strana-12/ 24131 2 /var/www/web2/quax.cz/cms2.quax.cz/libraries/predis/predis/lib/Predis/Connection/StreamConnection.php 90 stream_socket_client() [<a href='function.stream-socket-client'>function.stream-socket-client</a>]: unable to connect to tcp://cl-rs1:6379/ (Connection timed out)
52c0bebde8ac94.24789342 2013-12-30T01:30:53+01:00 0 ERROR E_NOTICE www.timeup.cz /damske-hodinky/timex-ironman-marathon-t5k362-digital-watch-for-women-excellent-readability/ 27057 2 /var/tmp/cms/templates_c/160e1eae736a4bb89f3f0043ab7b59e38bc101c7.file.productDetail.tpl.php 929 Undefined index: name
52c0bef460be02.81257096 2013-12-30T01:31:48+01:00 0 ERROR E_NOTICE www.kru.cz /nizke-boty/boty-vans-baxter-black-white-gum/ 14712 2 /var/tmp/cms/templates_c/c8a7f5a0d23cff60b5f44bf6ee074dc1b96d4ae1.file.productDetail.tpl.php 577 Undefined index: HTTP_REFERER
52c0bef4a7da62.27242765 2013-12-30T01:31:48+01:00 0 ERROR E_USER_NOTICE www.z-fashion.cz /panska-moda/pansky-kabat-16/ 17454 2 /var/www/web2/quax.cz/cms2.quax.cz/cms/packages/Core/Model.php 27 Undefined property via __get(): manufacturer in /var/tmp/cms/templates_c/271773f5d72f35c0ee122250f4b7dba6fad86dbc.file.productDetail.tpl.php on line 846
52c0bef64a40c3.75792780 2013-12-30T01:31:50+01:00 0 ERROR E_USER_NOTICE www.z-fashion.cz /panska-moda/pansky-kabat-16/ 17454 2 /var/www/web2/quax.cz/cms2.quax.cz/cms/packages/Core/Model.php 27 Undefined property via __get(): manufacturer in /var/tmp/cms/templates_c/271773f5d72f35c0ee122250f4b7dba6fad86dbc.file.productDetail.tpl.php on line 846
52c0bf1ebeb7d0.70882520 2013-12-30T01:32:30+01:00 0 ERROR E_NOTICE www.kru.cz /tilka/tilko-fox-girls-scorching-fox-tank-bright-rose/ 14712 2 /var/tmp/cms/templates_c/c8a7f5a0d23cff60b5f44bf6ee074dc1b96d4ae1.file.productDetail.tpl.php 577 Undefined index: HTTP_REFERER
52c0bf27737bd3.92309575 2013-12-30T01:32:39+01:00 0 ERROR E_NOTICE www.timeup.cz /damske-hodinky/tw-steel-goliath-tw118w-women-s-watch-oversize-watch/ 27057 2 /var/tmp/cms/templates_c/160e1eae736a4bb89f3f0043ab7b59e38bc101c7.file.productDetail.tpl.php 929 Undefined index: name
52c0bf348d99e1.92581164 2013-12-30T01:32:52+01:00 0 ERROR E_USER_NOTICE www.z-fashion.cz /panska-moda/pansky-kabat-16/ 17454 2 /var/www/web2/quax.cz/cms2.quax.cz/cms/packages/Core/Model.php 27 Undefined property via __get(): manufacturer in /var/tmp/cms/templates_c/271773f5d72f35c0ee122250f4b7dba6fad86dbc.file.productDetail.tpl.php on line 846
52c0bf642546a9.48619984 2013-12-30T01:33:40+01:00 0 ERROR E_NOTICE www.babydream.cz /pro-nejmensi/nafukovaci-valec-2/http://http://www.facebook.com/BABYDREAM.cz 12553 2 /var/www/web2/quax.cz/cms2.quax.cz/cms/packages/Url/Model/Request.php 61 Undefined offset: 5
52c0bf6c0749d5.82212495 2013-12-30T01:33:48+01:00 0 ERROR E_NOTICE www.kovani-cobra.cz /stitove-kovani/kovani-cobra-venezia-2/ 29065 2 /var/tmp/cms/templates_c/6228d351698bb704201f8ff869b2bd49b6751810.file.breadcrumbNavigation.tpl.php 36 Undefined index: breadcrumbNavigation
52c0bf6c075b56.27596957 2013-12-30T01:33:48+01:00 0 ERROR E_NOTICE www.kovani-cobra.cz /stitove-kovani/kovani-cobra-venezia-2/ 29065 2 /var/tmp/cms/templates_c/6228d351698bb704201f8ff869b2bd49b6751810.file.breadcrumbNavigation.tpl.php 36 Trying to get property of non-object
52c0bf703f3079.20918990 2013-12-30T01:33:52+01:00 0 ERROR E_NOTICE www.kovani-cobra.cz /ochranne-kovani/vchodove-kovani-titan-plus/ 29065 2 /var/tmp/cms/templates_c/6228d351698bb704201f8ff869b2bd49b6751810.file.breadcrumbNavigation.tpl.php 36 Undefined index: breadcrumbNavigation
52c0bf703f4870.22766294 2013-12-30T01:33:52+01:00 0 ERROR E_NOTICE www.kovani-cobra.cz /ochranne-kovani/vchodove-kovani-titan-plus/ 29065 2 /var/tmp/cms/templates_c/6228d351698bb704201f8ff869b2bd49b6751810.file.breadcrumbNavigation.tpl.php 36 Trying to get property of non-object
52c0bfad254e46.16501166 2013-12-30T01:34:53+01:00 0 ERROR E_NOTICE www.jatymy.cz /4-dilne-sady/4-dilna-sada-zajicek-modry/http://http://www.cyklosport-shop.cz/index.php?main_page=index 23214 2 /var/www/web2/quax.cz/cms2.quax.cz/cms/packages/Url/Model/Request.php 61 Undefined offset: 5
52c0bfb3ee3644.22052343 2013-12-30T01:34:59+01:00 0 ERROR E_USER_NOTICE www.veselazena.cz /admin/objednavky/ 17052 2 /var/www/web2/quax.cz/cms2.quax.cz/cms/packages/Miscellaneous/Helper/Priority.php 266 PriorityReparator: Null detected in table: classification
52c0bfb42011b5.24789819 2013-12-30T01:35:00+01:00 0 ERROR E_USER_NOTICE www.veselazena.cz /admin/objednavky/ 17052 2 /var/www/web2/quax.cz/cms2.quax.cz/cms/packages/Miscellaneous/Helper/Priority.php 266 PriorityReparator: Null detected in table: classification
52c0bfb422f621.48736640 2013-12-30T01:35:00+01:00 0 ERROR E_USER_NOTICE www.veselazena.cz /admin/objednavky/ 17052 2 /var/www/web2/quax.cz/cms2.quax.cz/cms/packages/Miscellaneous/Helper/Priority.php 266 PriorityReparator: Null detected in table: classification
52c0bfb4249f19.66567185 2013-12-30T01:35:00+01:00 0 ERROR E_USER_NOTICE www.veselazena.cz /admin/objednavky/ 17052 2 /var/www/web2/quax.cz/cms2.quax.cz/cms/packages/Miscellaneous/Helper/Priority.php 266 PriorityReparator: Null detected in table: classification
52c0bfc4a5ac23.45547647 2013-12-30T01:35:16+01:00 0 ERROR E_NOTICE www.kru.cz /tkanicky/tkanicky-globe-purple-flat-lace-purple/?variantId=20314 14712 2 /var/tmp/cms/templates_c/c8a7f5a0d23cff60b5f44bf6ee074dc1b96d4ae1.file.productDetail.tpl.php 577 Undefined index: HTTP_REFERER
52c0bfc6c92dc7.58301964 2013-12-30T01:35:18+01:00 0 ERROR E_NOTICE www.kru.cz /tkanicky/tkanicky-globe-purple-flat-lace-purple/?variantId=20314%27%22 14712 2 /var/tmp/cms/templates_c/c8a7f5a0d23cff60b5f44bf6ee074dc1b96d4ae1.file.productDetail.tpl.php 577 Undefined index: HTTP_REFERER
52c0bfcd0713d8.53921253 2013-12-30T01:35:25+01:00 0 ERROR E_NOTICE www.ha-ve.cz / 13788 2 /var/tmp/cms/templates_c/37952dcd12f4202311929267c695b29d5c4348ba.file.categories.tpl.php 52 Undefined offset: 1
52c0bfcd072907.38186029 2013-12-30T01:35:25+01:00 0 ERROR E_NOTICE www.ha-ve.cz / 13788 2 /var/tmp/cms/templates_c/37952dcd12f4202311929267c695b29d5c4348ba.file.categories.tpl.php 52 Trying to get property of non-object
52c0bfcd164196.22607868 2013-12-30T01:35:25+01:00 0 ERROR E_NOTICE www.ha-ve.cz / 13788 2 /var/tmp/cms/templates_c/37952dcd12f4202311929267c695b29d5c4348ba.file.categories.tpl.php 52 Undefined offset: 1
52c0bfcd164fa3.11308197 2013-12-30T01:35:25+01:00 0 ERROR E_NOTICE www.ha-ve.cz / 13788 2 /var/tmp/cms/templates_c/37952dcd12f4202311929267c695b29d5c4348ba.file.categories.tpl.php 52 Trying to get property of non-object
52c0bfcd16bc52.13934047 2013-12-30T01:35:25+01:00 0 ERROR E_NOTICE www.ha-ve.cz / 13788 2 /var/tmp/cms/templates_c/37952dcd12f4202311929267c695b29d5c4348ba.file.categories.tpl.php 52 Undefined offset: 1
52c0bfcd16c739.69363120 2013-12-30T01:35:25+01:00 0 ERROR E_NOTICE www.ha-ve.cz / 13788 2 /var/tmp/cms/templates_c/37952dcd12f4202311929267c695b29d5c4348ba.file.categories.tpl.php 52 Trying to get property of non-object
52c0bfce331135.31289337 2013-12-30T01:35:26+01:00 0 ERROR E_USER_NOTICE www.ha-ve.cz /akce-s-darkem/hak-pro-napinaky-m16-pravy/ 13788 2 /var/www/web2/quax.cz/cms2.quax.cz/cms/packages/Core/Model.php 27 Undefined property via __get(): manufacturer in /var/tmp/cms/templates_c/077d2797f7830da165e58733dc609f969896e02f.file.productDetail.tpl.php on line 902
52c0bfce3325f8.18744358 2013-12-30T01:35:26+01:00 0 ERROR E_USER_NOTICE www.ha-ve.cz /akce-s-darkem/hak-pro-napinaky-m16-pravy/ 13788 2 /var/www/web2/quax.cz/cms2.quax.cz/cms/packages/Core/Model.php 27 Undefined property via __get(): manufacturer in /var/tmp/cms/templates_c/077d2797f7830da165e58733dc609f969896e02f.file.productDetail.tpl.php on line 911
52c0bfcf9e93b0.71110254 2013-12-30T01:35:27+01:00 0 ERROR E_NOTICE www.ha-ve.cz / 13788 2 /var/tmp/cms/templates_c/37952dcd12f4202311929267c695b29d5c4348ba.file.categories.tpl.php 52 Undefined offset: 1
52c0bfcf9ea265.85702228 2013-12-30T01:35:27+01:00 0 ERROR E_NOTICE www.ha-ve.cz / 13788 2 /var/tmp/cms/templates_c/37952dcd12f4202311929267c695b29d5c4348ba.file.categories.tpl.php 52 Trying to get property of non-object
52c0bfcfa97d77.69951591 2013-12-30T01:35:27+01:00 0 ERROR E_NOTICE www.ha-ve.cz / 13788 2 /var/tmp/cms/templates_c/37952dcd12f4202311929267c695b29d5c4348ba.file.categories.tpl.php 52 Undefined offset: 1
52c0bfcfa988d8.36373124 2013-12-30T01:35:27+01:00 0 ERROR E_NOTICE www.ha-ve.cz / 13788 2 /var/tmp/cms/templates_c/37952dcd12f4202311929267c695b29d5c4348ba.file.categories.tpl.php 52 Trying to get property of non-object
52c0bfcfaa0873.03957916 2013-12-30T01:35:27+01:00 0 ERROR E_NOTICE www.ha-ve.cz / 13788 2 /var/tmp/cms/templates_c/37952dcd12f4202311929267c695b29d5c4348ba.file.categories.tpl.php 52 Undefined offset: 1
52c0bfcfaa1564.39166822 2013-12-30T01:35:27+01:00 0 ERROR E_NOTICE www.ha-ve.cz / 13788 2 /var/tmp/cms/templates_c/37952dcd12f4202311929267c695b29d5c4348ba.file.categories.tpl.php 52 Trying to get property of non-object
52c0bfd092cdf7.67772551 2013-12-30T01:35:28+01:00 0 ERROR E_NOTICE www.ha-ve.cz /?page_id=12 13788 2 /var/tmp/cms/templates_c/37952dcd12f4202311929267c695b29d5c4348ba.file.categories.tpl.php 52 Undefined offset: 1
52c0bfd092e189.24219176 2013-12-30T01:35:28+01:00 0 ERROR E_NOTICE www.ha-ve.cz /?page_id=12 13788 2 /var/tmp/cms/templates_c/37952dcd12f4202311929267c695b29d5c4348ba.file.categories.tpl.php 52 Trying to get property of non-object
52c0bfd0a05bd9.15939885 2013-12-30T01:35:28+01:00 0 ERROR E_NOTICE www.ha-ve.cz /?page_id=12 13788 2 /var/tmp/cms/templates_c/37952dcd12f4202311929267c695b29d5c4348ba.file.categories.tpl.php 52 Undefined offset: 1
52c0bfd0a06bf9.98394451 2013-12-30T01:35:28+01:00 0 ERROR E_NOTICE www.ha-ve.cz /?page_id=12 13788 2 /var/tmp/cms/templates_c/37952dcd12f4202311929267c695b29d5c4348ba.file.categories.tpl.php 52 Trying to get property of non-object
52c0bfd0a102d5.92333334 2013-12-30T01:35:28+01:00 0 ERROR E_NOTICE www.ha-ve.cz /?page_id=12 13788 2 /var/tmp/cms/templates_c/37952dcd12f4202311929267c695b29d5c4348ba.file.categories.tpl.php 52 Undefined offset: 1
52c0bfd0a10f36.11414255 2013-12-30T01:35:28+01:00 0 ERROR E_NOTICE www.ha-ve.cz /?page_id=12 13788 2 /var/tmp/cms/templates_c/37952dcd12f4202311929267c695b29d5c4348ba.file.categories.tpl.php 52 Trying to get property of non-object
52c0bfd191ba85.22381144 2013-12-30T01:35:29+01:00 0 ERROR E_NOTICE www.ha-ve.cz /?page_id=3 13788 2 /var/tmp/cms/templates_c/37952dcd12f4202311929267c695b29d5c4348ba.file.categories.tpl.php 52 Undefined offset: 1
52c0bfd191c874.86128737 2013-12-30T01:35:29+01:00 0 ERROR E_NOTICE www.ha-ve.cz /?page_id=3 13788 2 /var/tmp/cms/templates_c/37952dcd12f4202311929267c695b29d5c4348ba.file.categories.tpl.php 52 Trying to get property of non-object
52c0bfd1a152f0.26338869 2013-12-30T01:35:29+01:00 0 ERROR E_NOTICE www.ha-ve.cz /?page_id=3 13788 2 /var/tmp/cms/templates_c/37952dcd12f4202311929267c695b29d5c4348ba.file.categories.tpl.php 52 Undefined offset: 1
52c0bfd1a165a7.21628343 2013-12-30T01:35:29+01:00 0 ERROR E_NOTICE www.ha-ve.cz /?page_id=3 13788 2 /var/tmp/cms/templates_c/37952dcd12f4202311929267c695b29d5c4348ba.file.categories.tpl.php 52 Trying to get property of non-object
